Arguments: 
  /usr/local/bin/node /usr/local/bin/yarn format

PATH: 
  /usr/local/bin:/Users/braidymerkle/.rbenv/shims:/Users/braidymerkle/.rbenv/shims:/usr/local/bin:/usr/local/sbin:~/bin:/usr/local/bin:/usr/bin:/bin:/usr/sbin:/sbin

Yarn version: 
  0.27.5

Node version: 
  6.11.3

Platform: 
  darwin x64

npm manifest: 
  No manifest

yarn manifest: 
  No manifest

Lockfile: 
  No lockfile

Trace: 
  SyntaxError: /Users/braidymerkle/Documents/react_course/complete-intro-to-react/package.json: Unexpected string in JSON at position 53
      at Object.parse (native)
      at /usr/local/lib/node_modules/yarn/lib/util/fs.js:554:57
      at next (native)
      at step (/usr/local/lib/node_modules/yarn/node_modules/babel-runtime/helpers/asyncToGenerator.js:17:30)
      at /usr/local/lib/node_modules/yarn/node_modules/babel-runtime/helpers/asyncToGenerator.js:28:13
